2021-03-30 22:49:34,023 WARN org.apache.hadoop.util.NativeCodeLoader: Unable to load native-hadoop library for your platform... using builtin-java classes where applicable
2021-03-30 22:51:54,741 WARN org.apache.hadoop.util.NativeCodeLoader: Unable to load native-hadoop library for your platform... using builtin-java classes where applicable
2021-03-30 22:51:55,058 INFO org.apache.hadoop.conf.Configuration.deprecation: session.id is deprecated. Instead, use dfs.metrics.session-id
2021-03-30 22:51:55,059 INFO org.apache.hadoop.metrics.jvm.JvmMetrics: Initializing JVM Metrics with processName=JobTracker, sessionId=
2021-03-30 22:51:55,270 WARN org.apache.hadoop.mapreduce.JobResourceUploader: No job jar file set.  User classes may not be found. See Job or Job#setJar(String).
2021-03-30 22:51:55,278 INFO org.apache.hadoop.mapreduce.lib.input.FileInputFormat: Total input paths to process : 1
2021-03-30 22:51:55,314 INFO org.apache.hadoop.mapreduce.JobSubmitter: number of splits:1
2021-03-30 22:51:55,465 INFO org.apache.hadoop.mapreduce.JobSubmitter: Submitting tokens for job: job_local1351921921_0001
2021-03-30 22:51:55,679 INFO org.apache.hadoop.mapreduce.Job: The url to track the job: http://localhost:8080/
2021-03-30 22:51:55,680 INFO org.apache.hadoop.mapreduce.Job: Running job: job_local1351921921_0001
2021-03-30 22:51:55,681 INFO org.apache.hadoop.mapred.LocalJobRunner: OutputCommitter set in config null
2021-03-30 22:51:55,684 INFO org.apache.hadoop.mapreduce.lib.output.FileOutputCommitter: File Output Committer Algorithm version is 1
2021-03-30 22:51:55,691 INFO org.apache.hadoop.mapred.LocalJobRunner: OutputCommitter is org.apache.hadoop.mapreduce.lib.output.FileOutputCommitter
2021-03-30 22:51:55,746 INFO org.apache.hadoop.mapred.LocalJobRunner: Waiting for map tasks
2021-03-30 22:51:55,746 INFO org.apache.hadoop.mapred.LocalJobRunner: Starting task: attempt_local1351921921_0001_m_000000_0
2021-03-30 22:51:55,772 INFO org.apache.hadoop.mapreduce.lib.output.FileOutputCommitter: File Output Committer Algorithm version is 1
2021-03-30 22:51:55,786 INFO org.apache.hadoop.mapred.Task:  Using ResourceCalculatorProcessTree : [ ]
2021-03-30 22:51:55,789 INFO org.apache.hadoop.mapred.MapTask: Processing split: file:/home/cloudera/workspace/Exercise_4/Part_1_Input_Files/pg100_lower.txt:0+5465102
2021-03-30 22:51:55,850 INFO org.apache.hadoop.mapred.MapTask: (EQUATOR) 0 kvi 26214396(104857584)
2021-03-30 22:51:55,850 INFO org.apache.hadoop.mapred.MapTask: mapreduce.task.io.sort.mb: 100
2021-03-30 22:51:55,850 INFO org.apache.hadoop.mapred.MapTask: soft limit at 83886080
2021-03-30 22:51:55,851 INFO org.apache.hadoop.mapred.MapTask: bufstart = 0; bufvoid = 104857600
2021-03-30 22:51:55,851 INFO org.apache.hadoop.mapred.MapTask: kvstart = 26214396; length = 6553600
2021-03-30 22:51:55,855 INFO org.apache.hadoop.mapred.MapTask: Map output collector class = org.apache.hadoop.mapred.MapTask$MapOutputBuffer
2021-03-30 22:51:55,866 INFO org.apache.hadoop.mapreduce.lib.input.LineRecordReader: Found UTF-8 BOM and skipped it
2021-03-30 22:51:56,682 INFO org.apache.hadoop.mapreduce.Job: Job job_local1351921921_0001 running in uber mode : false
2021-03-30 22:51:56,683 INFO org.apache.hadoop.mapreduce.Job:  map 0% reduce 0%
2021-03-30 22:51:56,878 INFO org.apache.hadoop.mapred.LocalJobRunner: 
2021-03-30 22:51:56,879 INFO org.apache.hadoop.mapred.MapTask: Starting flush of map output
2021-03-30 22:51:56,879 INFO org.apache.hadoop.mapred.MapTask: Spilling map output
2021-03-30 22:51:56,879 INFO org.apache.hadoop.mapred.MapTask: bufstart = 0; bufend = 6172002; bufvoid = 104857600
2021-03-30 22:51:56,879 INFO org.apache.hadoop.mapred.MapTask: kvstart = 26214396(104857584); kvend = 22120624(88482496); length = 4093773/6553600
2021-03-30 22:51:57,639 INFO org.apache.hadoop.mapred.MapTask: Finished spill 0
2021-03-30 22:51:57,642 INFO org.apache.hadoop.mapred.Task: Task:attempt_local1351921921_0001_m_000000_0 is done. And is in the process of committing
2021-03-30 22:51:57,654 INFO org.apache.hadoop.mapred.LocalJobRunner: map
2021-03-30 22:51:57,654 INFO org.apache.hadoop.mapred.Task: Task 'attempt_local1351921921_0001_m_000000_0' done.
2021-03-30 22:51:57,654 INFO org.apache.hadoop.mapred.LocalJobRunner: Finishing task: attempt_local1351921921_0001_m_000000_0
2021-03-30 22:51:57,655 INFO org.apache.hadoop.mapred.LocalJobRunner: map task executor complete.
2021-03-30 22:51:57,659 INFO org.apache.hadoop.mapred.LocalJobRunner: Waiting for reduce tasks
2021-03-30 22:51:57,659 INFO org.apache.hadoop.mapred.LocalJobRunner: Starting task: attempt_local1351921921_0001_r_000000_0
2021-03-30 22:51:57,671 INFO org.apache.hadoop.mapreduce.lib.output.FileOutputCommitter: File Output Committer Algorithm version is 1
2021-03-30 22:51:57,671 INFO org.apache.hadoop.mapred.Task:  Using ResourceCalculatorProcessTree : [ ]
2021-03-30 22:51:57,679 INFO org.apache.hadoop.mapred.ReduceTask: Using ShuffleConsumerPlugin: org.apache.hadoop.mapreduce.task.reduce.Shuffle@8c202ae
2021-03-30 22:51:57,685 INFO org.apache.hadoop.mapreduce.Job:  map 100% reduce 0%
2021-03-30 22:51:57,696 INFO org.apache.hadoop.mapreduce.task.reduce.MergeManagerImpl: MergerManager: memoryLimit=694367040, maxSingleShuffleLimit=173591760, mergeThreshold=458282272, ioSortFactor=10, memToMemMergeOutputsThreshold=10
2021-03-30 22:51:57,699 INFO org.apache.hadoop.mapreduce.task.reduce.EventFetcher: attempt_local1351921921_0001_r_000000_0 Thread started: EventFetcher for fetching Map Completion Events
2021-03-30 22:51:57,751 INFO org.apache.hadoop.mapreduce.task.reduce.LocalFetcher: localfetcher#1 about to shuffle output of map attempt_local1351921921_0001_m_000000_0 decomp: 8218892 len: 8218896 to MEMORY
2021-03-30 22:51:57,815 INFO org.apache.hadoop.mapreduce.task.reduce.InMemoryMapOutput: Read 8218892 bytes from map-output for attempt_local1351921921_0001_m_000000_0
2021-03-30 22:51:57,820 INFO org.apache.hadoop.mapreduce.task.reduce.MergeManagerImpl: closeInMemoryFile -> map-output of size: 8218892, inMemoryMapOutputs.size() -> 1, commitMemory -> 0, usedMemory ->8218892
2021-03-30 22:51:57,822 INFO org.apache.hadoop.mapreduce.task.reduce.EventFetcher: EventFetcher is interrupted.. Returning
2021-03-30 22:51:57,822 INFO org.apache.hadoop.mapred.LocalJobRunner: 1 / 1 copied.
2021-03-30 22:51:57,822 INFO org.apache.hadoop.mapreduce.task.reduce.MergeManagerImpl: finalMerge called with 1 in-memory map-outputs and 0 on-disk map-outputs
2021-03-30 22:51:57,833 INFO org.apache.hadoop.mapred.Merger: Merging 1 sorted segments
2021-03-30 22:51:57,834 INFO org.apache.hadoop.mapred.Merger: Down to the last merge-pass, with 1 segments left of total size: 8218888 bytes
2021-03-30 22:51:58,834 INFO org.apache.hadoop.mapreduce.task.reduce.MergeManagerImpl: Merged 1 segments, 8218892 bytes to disk to satisfy reduce memory limit
2021-03-30 22:51:58,835 INFO org.apache.hadoop.mapreduce.task.reduce.MergeManagerImpl: Merging 1 files, 8218896 bytes from disk
2021-03-30 22:51:58,837 INFO org.apache.hadoop.mapreduce.task.reduce.MergeManagerImpl: Merging 0 segments, 0 bytes from memory into reduce
2021-03-30 22:51:58,837 INFO org.apache.hadoop.mapred.Merger: Merging 1 sorted segments
2021-03-30 22:51:58,838 INFO org.apache.hadoop.mapred.Merger: Down to the last merge-pass, with 1 segments left of total size: 8218888 bytes
2021-03-30 22:51:58,838 INFO org.apache.hadoop.mapred.LocalJobRunner: 1 / 1 copied.
2021-03-30 22:51:58,858 INFO org.apache.hadoop.conf.Configuration.deprecation: mapred.skip.on is deprecated. Instead, use mapreduce.job.skiprecords
2021-03-30 22:51:59,745 INFO org.apache.hadoop.mapred.Task: Task:attempt_local1351921921_0001_r_000000_0 is done. And is in the process of committing
2021-03-30 22:51:59,748 INFO org.apache.hadoop.mapred.LocalJobRunner: 1 / 1 copied.
2021-03-30 22:51:59,748 INFO org.apache.hadoop.mapred.Task: Task attempt_local1351921921_0001_r_000000_0 is allowed to commit now
2021-03-30 22:51:59,749 INFO org.apache.hadoop.mapreduce.lib.output.FileOutputCommitter: Saved output of task 'attempt_local1351921921_0001_r_000000_0' to file:/home/cloudera/workspace/Exercise_4/Output_Files/Part_1_100_txt_output/_temporary/0/task_local1351921921_0001_r_000000
2021-03-30 22:51:59,750 INFO org.apache.hadoop.mapred.LocalJobRunner: reduce > reduce
2021-03-30 22:51:59,751 INFO org.apache.hadoop.mapred.Task: Task 'attempt_local1351921921_0001_r_000000_0' done.
2021-03-30 22:51:59,751 INFO org.apache.hadoop.mapred.LocalJobRunner: Finishing task: attempt_local1351921921_0001_r_000000_0
2021-03-30 22:51:59,751 INFO org.apache.hadoop.mapred.LocalJobRunner: reduce task executor complete.
2021-03-30 22:52:00,688 INFO org.apache.hadoop.mapreduce.Job:  map 100% reduce 100%
2021-03-30 22:52:00,689 INFO org.apache.hadoop.mapreduce.Job: Job job_local1351921921_0001 completed successfully
2021-03-30 22:52:00,711 INFO org.apache.hadoop.mapreduce.Job: Counters: 33
	File System Counters
		FILE: Number of bytes read=27368422
		FILE: Number of bytes written=25187040
		FILE: Number of read operations=0
		FILE: Number of large read operations=0
		FILE: Number of write operations=0
	Map-Reduce Framework
		Map input records=124787
		Map output records=1023444
		Map output bytes=6172002
		Map output materialized bytes=8218896
		Input split bytes=140
		Combine input records=0
		Combine output records=0
		Reduce input groups=33
		Reduce shuffle bytes=8218896
		Reduce input records=1023444
		Reduce output records=33
		Spilled Records=2046888
		Shuffled Maps =1
		Failed Shuffles=0
		Merged Map outputs=1
		GC time elapsed (ms)=24
		CPU time spent (ms)=0
		Physical memory (bytes) snapshot=0
		Virtual memory (bytes) snapshot=0
		Total committed heap usage (bytes)=608174080
	Shuffle Errors
		BAD_ID=0
		CONNECTION=0
		IO_ERROR=0
		WRONG_LENGTH=0
		WRONG_MAP=0
		WRONG_REDUCE=0
	File Input Format Counters 
		Bytes Read=5465102
	File Output Format Counters 
		Bytes Written=234
2021-03-30 22:53:33,065 WARN org.apache.hadoop.util.NativeCodeLoader: Unable to load native-hadoop library for your platform... using builtin-java classes where applicable
2021-03-30 22:53:33,408 INFO org.apache.hadoop.conf.Configuration.deprecation: session.id is deprecated. Instead, use dfs.metrics.session-id
2021-03-30 22:53:33,408 INFO org.apache.hadoop.metrics.jvm.JvmMetrics: Initializing JVM Metrics with processName=JobTracker, sessionId=
2021-03-30 22:53:33,702 WARN org.apache.hadoop.mapreduce.JobResourceUploader: No job jar file set.  User classes may not be found. See Job or Job#setJar(String).
2021-03-30 22:53:33,710 INFO org.apache.hadoop.mapreduce.lib.input.FileInputFormat: Total input paths to process : 1
2021-03-30 22:53:33,747 INFO org.apache.hadoop.mapreduce.JobSubmitter: number of splits:1
2021-03-30 22:53:33,929 INFO org.apache.hadoop.mapreduce.JobSubmitter: Submitting tokens for job: job_local2072286203_0001
2021-03-30 22:53:34,160 INFO org.apache.hadoop.mapreduce.Job: The url to track the job: http://localhost:8080/
2021-03-30 22:53:34,161 INFO org.apache.hadoop.mapreduce.Job: Running job: job_local2072286203_0001
2021-03-30 22:53:34,162 INFO org.apache.hadoop.mapred.LocalJobRunner: OutputCommitter set in config null
2021-03-30 22:53:34,166 INFO org.apache.hadoop.mapreduce.lib.output.FileOutputCommitter: File Output Committer Algorithm version is 1
2021-03-30 22:53:34,167 INFO org.apache.hadoop.mapred.LocalJobRunner: OutputCommitter is org.apache.hadoop.mapreduce.lib.output.FileOutputCommitter
2021-03-30 22:53:34,210 INFO org.apache.hadoop.mapred.LocalJobRunner: Waiting for map tasks
2021-03-30 22:53:34,210 INFO org.apache.hadoop.mapred.LocalJobRunner: Starting task: attempt_local2072286203_0001_m_000000_0
2021-03-30 22:53:34,229 INFO org.apache.hadoop.mapreduce.lib.output.FileOutputCommitter: File Output Committer Algorithm version is 1
2021-03-30 22:53:34,240 INFO org.apache.hadoop.mapred.Task:  Using ResourceCalculatorProcessTree : [ ]
2021-03-30 22:53:34,243 INFO org.apache.hadoop.mapred.MapTask: Processing split: file:/home/cloudera/workspace/Exercise_4/Part_1_Input_Files/pg3399_lower.txt:0+1769592
2021-03-30 22:53:34,288 INFO org.apache.hadoop.mapred.MapTask: (EQUATOR) 0 kvi 26214396(104857584)
2021-03-30 22:53:34,288 INFO org.apache.hadoop.mapred.MapTask: mapreduce.task.io.sort.mb: 100
2021-03-30 22:53:34,288 INFO org.apache.hadoop.mapred.MapTask: soft limit at 83886080
2021-03-30 22:53:34,289 INFO org.apache.hadoop.mapred.MapTask: bufstart = 0; bufvoid = 104857600
2021-03-30 22:53:34,289 INFO org.apache.hadoop.mapred.MapTask: kvstart = 26214396; length = 6553600
2021-03-30 22:53:34,292 INFO org.apache.hadoop.mapred.MapTask: Map output collector class = org.apache.hadoop.mapred.MapTask$MapOutputBuffer
2021-03-30 22:53:34,888 INFO org.apache.hadoop.mapred.LocalJobRunner: 
2021-03-30 22:53:34,888 INFO org.apache.hadoop.mapred.MapTask: Starting flush of map output
2021-03-30 22:53:34,889 INFO org.apache.hadoop.mapred.MapTask: Spilling map output
2021-03-30 22:53:34,889 INFO org.apache.hadoop.mapred.MapTask: bufstart = 0; bufend = 1974738; bufvoid = 104857600
2021-03-30 22:53:34,889 INFO org.apache.hadoop.mapred.MapTask: kvstart = 26214396(104857584); kvend = 24908744(99634976); length = 1305653/6553600
2021-03-30 22:53:35,163 INFO org.apache.hadoop.mapreduce.Job: Job job_local2072286203_0001 running in uber mode : false
2021-03-30 22:53:35,164 INFO org.apache.hadoop.mapreduce.Job:  map 0% reduce 0%
2021-03-30 22:53:35,212 INFO org.apache.hadoop.mapred.MapTask: Finished spill 0
2021-03-30 22:53:35,215 INFO org.apache.hadoop.mapred.Task: Task:attempt_local2072286203_0001_m_000000_0 is done. And is in the process of committing
2021-03-30 22:53:35,222 INFO org.apache.hadoop.mapred.LocalJobRunner: map
2021-03-30 22:53:35,222 INFO org.apache.hadoop.mapred.Task: Task 'attempt_local2072286203_0001_m_000000_0' done.
2021-03-30 22:53:35,223 INFO org.apache.hadoop.mapred.LocalJobRunner: Finishing task: attempt_local2072286203_0001_m_000000_0
2021-03-30 22:53:35,223 INFO org.apache.hadoop.mapred.LocalJobRunner: map task executor complete.
2021-03-30 22:53:35,225 INFO org.apache.hadoop.mapred.LocalJobRunner: Waiting for reduce tasks
2021-03-30 22:53:35,226 INFO org.apache.hadoop.mapred.LocalJobRunner: Starting task: attempt_local2072286203_0001_r_000000_0
2021-03-30 22:53:35,232 INFO org.apache.hadoop.mapreduce.lib.output.FileOutputCommitter: File Output Committer Algorithm version is 1
2021-03-30 22:53:35,233 INFO org.apache.hadoop.mapred.Task:  Using ResourceCalculatorProcessTree : [ ]
2021-03-30 22:53:35,236 INFO org.apache.hadoop.mapred.ReduceTask: Using ShuffleConsumerPlugin: org.apache.hadoop.mapreduce.task.reduce.Shuffle@ac1c16d
2021-03-30 22:53:35,246 INFO org.apache.hadoop.mapreduce.task.reduce.MergeManagerImpl: MergerManager: memoryLimit=694367040, maxSingleShuffleLimit=173591760, mergeThreshold=458282272, ioSortFactor=10, memToMemMergeOutputsThreshold=10
2021-03-30 22:53:35,249 INFO org.apache.hadoop.mapreduce.task.reduce.EventFetcher: attempt_local2072286203_0001_r_000000_0 Thread started: EventFetcher for fetching Map Completion Events
2021-03-30 22:53:35,286 INFO org.apache.hadoop.mapreduce.task.reduce.LocalFetcher: localfetcher#1 about to shuffle output of map attempt_local2072286203_0001_m_000000_0 decomp: 2627568 len: 2627572 to MEMORY
2021-03-30 22:53:35,296 INFO org.apache.hadoop.mapreduce.task.reduce.InMemoryMapOutput: Read 2627568 bytes from map-output for attempt_local2072286203_0001_m_000000_0
2021-03-30 22:53:35,298 INFO org.apache.hadoop.mapreduce.task.reduce.MergeManagerImpl: closeInMemoryFile -> map-output of size: 2627568, inMemoryMapOutputs.size() -> 1, commitMemory -> 0, usedMemory ->2627568
2021-03-30 22:53:35,299 INFO org.apache.hadoop.mapreduce.task.reduce.EventFetcher: EventFetcher is interrupted.. Returning
2021-03-30 22:53:35,300 INFO org.apache.hadoop.mapred.LocalJobRunner: 1 / 1 copied.
2021-03-30 22:53:35,300 INFO org.apache.hadoop.mapreduce.task.reduce.MergeManagerImpl: finalMerge called with 1 in-memory map-outputs and 0 on-disk map-outputs
2021-03-30 22:53:35,307 INFO org.apache.hadoop.mapred.Merger: Merging 1 sorted segments
2021-03-30 22:53:35,307 INFO org.apache.hadoop.mapred.Merger: Down to the last merge-pass, with 1 segments left of total size: 2627564 bytes
2021-03-30 22:53:35,586 INFO org.apache.hadoop.mapreduce.task.reduce.MergeManagerImpl: Merged 1 segments, 2627568 bytes to disk to satisfy reduce memory limit
2021-03-30 22:53:35,586 INFO org.apache.hadoop.mapreduce.task.reduce.MergeManagerImpl: Merging 1 files, 2627572 bytes from disk
2021-03-30 22:53:35,587 INFO org.apache.hadoop.mapreduce.task.reduce.MergeManagerImpl: Merging 0 segments, 0 bytes from memory into reduce
2021-03-30 22:53:35,587 INFO org.apache.hadoop.mapred.Merger: Merging 1 sorted segments
2021-03-30 22:53:35,587 INFO org.apache.hadoop.mapred.Merger: Down to the last merge-pass, with 1 segments left of total size: 2627564 bytes
2021-03-30 22:53:35,588 INFO org.apache.hadoop.mapred.LocalJobRunner: 1 / 1 copied.
2021-03-30 22:53:35,591 INFO org.apache.hadoop.conf.Configuration.deprecation: mapred.skip.on is deprecated. Instead, use mapreduce.job.skiprecords
2021-03-30 22:53:35,937 INFO org.apache.hadoop.mapred.Task: Task:attempt_local2072286203_0001_r_000000_0 is done. And is in the process of committing
2021-03-30 22:53:35,938 INFO org.apache.hadoop.mapred.LocalJobRunner: 1 / 1 copied.
2021-03-30 22:53:35,938 INFO org.apache.hadoop.mapred.Task: Task attempt_local2072286203_0001_r_000000_0 is allowed to commit now
2021-03-30 22:53:35,939 INFO org.apache.hadoop.mapreduce.lib.output.FileOutputCommitter: Saved output of task 'attempt_local2072286203_0001_r_000000_0' to file:/home/cloudera/workspace/Exercise_4/Output_Files/Part_1_3399_txt_output/_temporary/0/task_local2072286203_0001_r_000000
2021-03-30 22:53:35,939 INFO org.apache.hadoop.mapred.LocalJobRunner: reduce > reduce
2021-03-30 22:53:35,939 INFO org.apache.hadoop.mapred.Task: Task 'attempt_local2072286203_0001_r_000000_0' done.
2021-03-30 22:53:35,939 INFO org.apache.hadoop.mapred.LocalJobRunner: Finishing task: attempt_local2072286203_0001_r_000000_0
2021-03-30 22:53:35,940 INFO org.apache.hadoop.mapred.LocalJobRunner: reduce task executor complete.
2021-03-30 22:53:36,168 INFO org.apache.hadoop.mapreduce.Job:  map 100% reduce 100%
2021-03-30 22:53:36,169 INFO org.apache.hadoop.mapreduce.Job: Job job_local2072286203_0001 completed successfully
2021-03-30 22:53:36,180 INFO org.apache.hadoop.mapreduce.Job: Counters: 33
	File System Counters
		FILE: Number of bytes read=8794756
		FILE: Number of bytes written=8413051
		FILE: Number of read operations=0
		FILE: Number of large read operations=0
		FILE: Number of write operations=0
	Map-Reduce Framework
		Map input records=29985
		Map output records=326414
		Map output bytes=1974738
		Map output materialized bytes=2627572
		Input split bytes=141
		Combine input records=0
		Combine output records=0
		Reduce input groups=29
		Reduce shuffle bytes=2627572
		Reduce input records=326414
		Reduce output records=29
		Spilled Records=652828
		Shuffled Maps =1
		Failed Shuffles=0
		Merged Map outputs=1
		GC time elapsed (ms)=23
		CPU time spent (ms)=0
		Physical memory (bytes) snapshot=0
		Virtual memory (bytes) snapshot=0
		Total committed heap usage (bytes)=460324864
	Shuffle Errors
		BAD_ID=0
		CONNECTION=0
		IO_ERROR=0
		WRONG_LENGTH=0
		WRONG_MAP=0
		WRONG_REDUCE=0
	File Input Format Counters 
		Bytes Read=1769592
	File Output Format Counters 
		Bytes Written=207
2021-03-30 23:57:37,143 WARN org.apache.hadoop.util.NativeCodeLoader: Unable to load native-hadoop library for your platform... using builtin-java classes where applicable
2021-03-30 23:57:37,952 INFO org.apache.hadoop.conf.Configuration.deprecation: session.id is deprecated. Instead, use dfs.metrics.session-id
2021-03-30 23:57:37,966 INFO org.apache.hadoop.metrics.jvm.JvmMetrics: Initializing JVM Metrics with processName=JobTracker, sessionId=
2021-03-30 23:57:38,603 WARN org.apache.hadoop.mapreduce.JobResourceUploader: No job jar file set.  User classes may not be found. See Job or Job#setJar(String).
2021-03-30 23:57:38,611 INFO org.apache.hadoop.mapreduce.lib.input.FileInputFormat: Total input paths to process : 1
2021-03-30 23:57:38,660 INFO org.apache.hadoop.mapreduce.JobSubmitter: number of splits:1
2021-03-30 23:57:38,889 INFO org.apache.hadoop.mapreduce.JobSubmitter: Submitting tokens for job: job_local343751444_0001
2021-03-30 23:57:39,214 INFO org.apache.hadoop.mapreduce.Job: The url to track the job: http://localhost:8080/
2021-03-30 23:57:39,215 INFO org.apache.hadoop.mapreduce.Job: Running job: job_local343751444_0001
2021-03-30 23:57:39,218 INFO org.apache.hadoop.mapred.LocalJobRunner: OutputCommitter set in config null
2021-03-30 23:57:39,222 INFO org.apache.hadoop.mapreduce.lib.output.FileOutputCommitter: File Output Committer Algorithm version is 1
2021-03-30 23:57:39,229 INFO org.apache.hadoop.mapred.LocalJobRunner: OutputCommitter is org.apache.hadoop.mapreduce.lib.output.FileOutputCommitter
2021-03-30 23:57:39,306 INFO org.apache.hadoop.mapred.LocalJobRunner: Waiting for map tasks
2021-03-30 23:57:39,307 INFO org.apache.hadoop.mapred.LocalJobRunner: Starting task: attempt_local343751444_0001_m_000000_0
2021-03-30 23:57:39,358 INFO org.apache.hadoop.mapreduce.lib.output.FileOutputCommitter: File Output Committer Algorithm version is 1
2021-03-30 23:57:39,389 INFO org.apache.hadoop.mapred.Task:  Using ResourceCalculatorProcessTree : [ ]
2021-03-30 23:57:39,393 INFO org.apache.hadoop.mapred.MapTask: Processing split: file:/home/cloudera/workspace/Exercise_4/Part_2_Input_Files/pg100_no_punct.txt:0+5218900
2021-03-30 23:57:39,554 INFO org.apache.hadoop.mapred.MapTask: (EQUATOR) 0 kvi 26214396(104857584)
2021-03-30 23:57:39,554 INFO org.apache.hadoop.mapred.MapTask: mapreduce.task.io.sort.mb: 100
2021-03-30 23:57:39,555 INFO org.apache.hadoop.mapred.MapTask: soft limit at 83886080
2021-03-30 23:57:39,555 INFO org.apache.hadoop.mapred.MapTask: bufstart = 0; bufvoid = 104857600
2021-03-30 23:57:39,555 INFO org.apache.hadoop.mapred.MapTask: kvstart = 26214396; length = 6553600
2021-03-30 23:57:39,563 INFO org.apache.hadoop.mapred.MapTask: Map output collector class = org.apache.hadoop.mapred.MapTask$MapOutputBuffer
2021-03-30 23:57:39,567 INFO org.apache.hadoop.mapreduce.lib.input.LineRecordReader: Found UTF-8 BOM and skipped it
2021-03-30 23:57:40,217 INFO org.apache.hadoop.mapreduce.Job: Job job_local343751444_0001 running in uber mode : false
2021-03-30 23:57:40,219 INFO org.apache.hadoop.mapreduce.Job:  map 0% reduce 0%
2021-03-30 23:57:40,679 INFO org.apache.hadoop.mapred.LocalJobRunner: 
2021-03-30 23:57:40,680 INFO org.apache.hadoop.mapred.MapTask: Starting flush of map output
2021-03-30 23:57:40,680 INFO org.apache.hadoop.mapred.MapTask: Spilling map output
2021-03-30 23:57:40,680 INFO org.apache.hadoop.mapred.MapTask: bufstart = 0; bufend = 176121; bufvoid = 104857600
2021-03-30 23:57:40,680 INFO org.apache.hadoop.mapred.MapTask: kvstart = 26214396(104857584); kvend = 26100476(104401904); length = 113921/6553600
2021-03-30 23:57:40,843 INFO org.apache.hadoop.mapred.MapTask: Finished spill 0
2021-03-30 23:57:40,846 INFO org.apache.hadoop.mapred.Task: Task:attempt_local343751444_0001_m_000000_0 is done. And is in the process of committing
2021-03-30 23:57:40,887 INFO org.apache.hadoop.mapred.LocalJobRunner: map
2021-03-30 23:57:40,889 INFO org.apache.hadoop.mapred.Task: Task 'attempt_local343751444_0001_m_000000_0' done.
2021-03-30 23:57:40,889 INFO org.apache.hadoop.mapred.LocalJobRunner: Finishing task: attempt_local343751444_0001_m_000000_0
2021-03-30 23:57:40,890 INFO org.apache.hadoop.mapred.LocalJobRunner: map task executor complete.
2021-03-30 23:57:40,898 INFO org.apache.hadoop.mapred.LocalJobRunner: Waiting for reduce tasks
2021-03-30 23:57:40,905 INFO org.apache.hadoop.mapred.LocalJobRunner: Starting task: attempt_local343751444_0001_r_000000_0
2021-03-30 23:57:40,920 INFO org.apache.hadoop.mapreduce.lib.output.FileOutputCommitter: File Output Committer Algorithm version is 1
2021-03-30 23:57:40,920 INFO org.apache.hadoop.mapred.Task:  Using ResourceCalculatorProcessTree : [ ]
2021-03-30 23:57:40,923 INFO org.apache.hadoop.mapred.ReduceTask: Using ShuffleConsumerPlugin: org.apache.hadoop.mapreduce.task.reduce.Shuffle@4c0d1db2
2021-03-30 23:57:41,127 INFO org.apache.hadoop.mapreduce.task.reduce.MergeManagerImpl: MergerManager: memoryLimit=694367040, maxSingleShuffleLimit=173591760, mergeThreshold=458282272, ioSortFactor=10, memToMemMergeOutputsThreshold=10
2021-03-30 23:57:41,150 INFO org.apache.hadoop.mapreduce.task.reduce.EventFetcher: attempt_local343751444_0001_r_000000_0 Thread started: EventFetcher for fetching Map Completion Events
2021-03-30 23:57:41,221 INFO org.apache.hadoop.mapreduce.Job:  map 100% reduce 0%
2021-03-30 23:57:41,284 INFO org.apache.hadoop.mapreduce.task.reduce.LocalFetcher: localfetcher#1 about to shuffle output of map attempt_local343751444_0001_m_000000_0 decomp: 233085 len: 233089 to MEMORY
2021-03-30 23:57:41,305 INFO org.apache.hadoop.mapreduce.task.reduce.InMemoryMapOutput: Read 233085 bytes from map-output for attempt_local343751444_0001_m_000000_0
2021-03-30 23:57:41,307 INFO org.apache.hadoop.mapreduce.task.reduce.MergeManagerImpl: closeInMemoryFile -> map-output of size: 233085, inMemoryMapOutputs.size() -> 1, commitMemory -> 0, usedMemory ->233085
2021-03-30 23:57:41,310 INFO org.apache.hadoop.mapreduce.task.reduce.EventFetcher: EventFetcher is interrupted.. Returning
2021-03-30 23:57:41,312 INFO org.apache.hadoop.mapred.LocalJobRunner: 1 / 1 copied.
2021-03-30 23:57:41,314 INFO org.apache.hadoop.mapreduce.task.reduce.MergeManagerImpl: finalMerge called with 1 in-memory map-outputs and 0 on-disk map-outputs
2021-03-30 23:57:41,323 INFO org.apache.hadoop.mapred.Merger: Merging 1 sorted segments
2021-03-30 23:57:41,324 INFO org.apache.hadoop.mapred.Merger: Down to the last merge-pass, with 1 segments left of total size: 233081 bytes
2021-03-30 23:57:41,478 INFO org.apache.hadoop.mapreduce.task.reduce.MergeManagerImpl: Merged 1 segments, 233085 bytes to disk to satisfy reduce memory limit
2021-03-30 23:57:41,483 INFO org.apache.hadoop.mapreduce.task.reduce.MergeManagerImpl: Merging 1 files, 233089 bytes from disk
2021-03-30 23:57:41,484 INFO org.apache.hadoop.mapreduce.task.reduce.MergeManagerImpl: Merging 0 segments, 0 bytes from memory into reduce
2021-03-30 23:57:41,484 INFO org.apache.hadoop.mapred.Merger: Merging 1 sorted segments
2021-03-30 23:57:41,484 INFO org.apache.hadoop.mapred.Merger: Down to the last merge-pass, with 1 segments left of total size: 233081 bytes
2021-03-30 23:57:41,485 INFO org.apache.hadoop.mapred.LocalJobRunner: 1 / 1 copied.
2021-03-30 23:57:41,506 INFO org.apache.hadoop.conf.Configuration.deprecation: mapred.skip.on is deprecated. Instead, use mapreduce.job.skiprecords
2021-03-30 23:57:41,812 INFO org.apache.hadoop.mapred.Task: Task:attempt_local343751444_0001_r_000000_0 is done. And is in the process of committing
2021-03-30 23:57:41,814 INFO org.apache.hadoop.mapred.LocalJobRunner: 1 / 1 copied.
2021-03-30 23:57:41,820 INFO org.apache.hadoop.mapred.Task: Task attempt_local343751444_0001_r_000000_0 is allowed to commit now
2021-03-30 23:57:41,821 INFO org.apache.hadoop.mapreduce.lib.output.FileOutputCommitter: Saved output of task 'attempt_local343751444_0001_r_000000_0' to file:/home/cloudera/workspace/Exercise_4/Output_Files/Part_3_100_txt_output/_temporary/0/task_local343751444_0001_r_000000
2021-03-30 23:57:41,821 INFO org.apache.hadoop.mapred.LocalJobRunner: reduce > reduce
2021-03-30 23:57:41,822 INFO org.apache.hadoop.mapred.Task: Task 'attempt_local343751444_0001_r_000000_0' done.
2021-03-30 23:57:41,822 INFO org.apache.hadoop.mapred.LocalJobRunner: Finishing task: attempt_local343751444_0001_r_000000_0
2021-03-30 23:57:41,822 INFO org.apache.hadoop.mapred.LocalJobRunner: reduce task executor complete.
2021-03-30 23:57:42,222 INFO org.apache.hadoop.mapreduce.Job:  map 100% reduce 100%
2021-03-30 23:57:42,222 INFO org.apache.hadoop.mapreduce.Job: Job job_local343751444_0001 completed successfully
2021-03-30 23:57:42,231 INFO org.apache.hadoop.mapreduce.Job: Counters: 33
	File System Counters
		FILE: Number of bytes read=10904410
		FILE: Number of bytes written=1226781
		FILE: Number of read operations=0
		FILE: Number of large read operations=0
		FILE: Number of write operations=0
	Map-Reduce Framework
		Map input records=124787
		Map output records=28481
		Map output bytes=176121
		Map output materialized bytes=233089
		Input split bytes=143
		Combine input records=0
		Combine output records=0
		Reduce input groups=29
		Reduce shuffle bytes=233089
		Reduce input records=28481
		Reduce output records=29
		Spilled Records=56962
		Shuffled Maps =1
		Failed Shuffles=0
		Merged Map outputs=1
		GC time elapsed (ms)=64
		CPU time spent (ms)=0
		Physical memory (bytes) snapshot=0
		Virtual memory (bytes) snapshot=0
		Total committed heap usage (bytes)=608174080
	Shuffle Errors
		BAD_ID=0
		CONNECTION=0
		IO_ERROR=0
		WRONG_LENGTH=0
		WRONG_MAP=0
		WRONG_REDUCE=0
	File Input Format Counters 
		Bytes Read=5218900
	File Output Format Counters 
		Bytes Written=186
2021-03-30 23:59:10,190 WARN org.apache.hadoop.util.NativeCodeLoader: Unable to load native-hadoop library for your platform... using builtin-java classes where applicable
2021-03-30 23:59:11,121 INFO org.apache.hadoop.conf.Configuration.deprecation: session.id is deprecated. Instead, use dfs.metrics.session-id
2021-03-30 23:59:11,122 INFO org.apache.hadoop.metrics.jvm.JvmMetrics: Initializing JVM Metrics with processName=JobTracker, sessionId=
2021-03-30 23:59:11,492 WARN org.apache.hadoop.mapreduce.JobResourceUploader: No job jar file set.  User classes may not be found. See Job or Job#setJar(String).
2021-03-30 23:59:11,504 INFO org.apache.hadoop.mapreduce.lib.input.FileInputFormat: Total input paths to process : 1
2021-03-30 23:59:11,555 INFO org.apache.hadoop.mapreduce.JobSubmitter: number of splits:1
2021-03-30 23:59:11,762 INFO org.apache.hadoop.mapreduce.JobSubmitter: Submitting tokens for job: job_local2010730541_0001
2021-03-30 23:59:12,083 INFO org.apache.hadoop.mapreduce.Job: The url to track the job: http://localhost:8080/
2021-03-30 23:59:12,084 INFO org.apache.hadoop.mapreduce.Job: Running job: job_local2010730541_0001
2021-03-30 23:59:12,085 INFO org.apache.hadoop.mapred.LocalJobRunner: OutputCommitter set in config null
2021-03-30 23:59:12,094 INFO org.apache.hadoop.mapreduce.lib.output.FileOutputCommitter: File Output Committer Algorithm version is 1
2021-03-30 23:59:12,102 INFO org.apache.hadoop.mapred.LocalJobRunner: OutputCommitter is org.apache.hadoop.mapreduce.lib.output.FileOutputCommitter
2021-03-30 23:59:12,203 INFO org.apache.hadoop.mapred.LocalJobRunner: Waiting for map tasks
2021-03-30 23:59:12,204 INFO org.apache.hadoop.mapred.LocalJobRunner: Starting task: attempt_local2010730541_0001_m_000000_0
2021-03-30 23:59:12,257 INFO org.apache.hadoop.mapreduce.lib.output.FileOutputCommitter: File Output Committer Algorithm version is 1
2021-03-30 23:59:12,295 INFO org.apache.hadoop.mapred.Task:  Using ResourceCalculatorProcessTree : [ ]
2021-03-30 23:59:12,300 INFO org.apache.hadoop.mapred.MapTask: Processing split: file:/home/cloudera/workspace/Exercise_4/Part_2_Input_Files/3399_no_punct.txt:0+1727619
2021-03-30 23:59:12,432 INFO org.apache.hadoop.mapred.MapTask: (EQUATOR) 0 kvi 26214396(104857584)
2021-03-30 23:59:12,433 INFO org.apache.hadoop.mapred.MapTask: mapreduce.task.io.sort.mb: 100
2021-03-30 23:59:12,433 INFO org.apache.hadoop.mapred.MapTask: soft limit at 83886080
2021-03-30 23:59:12,433 INFO org.apache.hadoop.mapred.MapTask: bufstart = 0; bufvoid = 104857600
2021-03-30 23:59:12,433 INFO org.apache.hadoop.mapred.MapTask: kvstart = 26214396; length = 6553600
2021-03-30 23:59:12,437 INFO org.apache.hadoop.mapred.MapTask: Map output collector class = org.apache.hadoop.mapred.MapTask$MapOutputBuffer
2021-03-30 23:59:13,086 INFO org.apache.hadoop.mapreduce.Job: Job job_local2010730541_0001 running in uber mode : false
2021-03-30 23:59:13,087 INFO org.apache.hadoop.mapreduce.Job:  map 0% reduce 0%
2021-03-30 23:59:13,260 INFO org.apache.hadoop.mapred.LocalJobRunner: 
2021-03-30 23:59:13,260 INFO org.apache.hadoop.mapred.MapTask: Starting flush of map output
2021-03-30 23:59:13,260 INFO org.apache.hadoop.mapred.MapTask: Spilling map output
2021-03-30 23:59:13,260 INFO org.apache.hadoop.mapred.MapTask: bufstart = 0; bufend = 114783; bufvoid = 104857600
2021-03-30 23:59:13,261 INFO org.apache.hadoop.mapred.MapTask: kvstart = 26214396(104857584); kvend = 26140812(104563248); length = 73585/6553600
2021-03-30 23:59:13,422 INFO org.apache.hadoop.mapred.MapTask: Finished spill 0
2021-03-30 23:59:13,437 INFO org.apache.hadoop.mapred.Task: Task:attempt_local2010730541_0001_m_000000_0 is done. And is in the process of committing
2021-03-30 23:59:13,463 INFO org.apache.hadoop.mapred.LocalJobRunner: map
2021-03-30 23:59:13,463 INFO org.apache.hadoop.mapred.Task: Task 'attempt_local2010730541_0001_m_000000_0' done.
2021-03-30 23:59:13,463 INFO org.apache.hadoop.mapred.LocalJobRunner: Finishing task: attempt_local2010730541_0001_m_000000_0
2021-03-30 23:59:13,463 INFO org.apache.hadoop.mapred.LocalJobRunner: map task executor complete.
2021-03-30 23:59:13,474 INFO org.apache.hadoop.mapred.LocalJobRunner: Waiting for reduce tasks
2021-03-30 23:59:13,474 INFO org.apache.hadoop.mapred.LocalJobRunner: Starting task: attempt_local2010730541_0001_r_000000_0
2021-03-30 23:59:13,489 INFO org.apache.hadoop.mapreduce.lib.output.FileOutputCommitter: File Output Committer Algorithm version is 1
2021-03-30 23:59:13,489 INFO org.apache.hadoop.mapred.Task:  Using ResourceCalculatorProcessTree : [ ]
2021-03-30 23:59:13,492 INFO org.apache.hadoop.mapred.ReduceTask: Using ShuffleConsumerPlugin: org.apache.hadoop.mapreduce.task.reduce.Shuffle@7118b81f
2021-03-30 23:59:13,507 INFO org.apache.hadoop.mapreduce.task.reduce.MergeManagerImpl: MergerManager: memoryLimit=694367040, maxSingleShuffleLimit=173591760, mergeThreshold=458282272, ioSortFactor=10, memToMemMergeOutputsThreshold=10
2021-03-30 23:59:13,515 INFO org.apache.hadoop.mapreduce.task.reduce.EventFetcher: attempt_local2010730541_0001_r_000000_0 Thread started: EventFetcher for fetching Map Completion Events
2021-03-30 23:59:13,578 INFO org.apache.hadoop.mapreduce.task.reduce.LocalFetcher: localfetcher#1 about to shuffle output of map attempt_local2010730541_0001_m_000000_0 decomp: 151579 len: 151583 to MEMORY
2021-03-30 23:59:13,596 INFO org.apache.hadoop.mapreduce.task.reduce.InMemoryMapOutput: Read 151579 bytes from map-output for attempt_local2010730541_0001_m_000000_0
2021-03-30 23:59:13,601 INFO org.apache.hadoop.mapreduce.task.reduce.MergeManagerImpl: closeInMemoryFile -> map-output of size: 151579, inMemoryMapOutputs.size() -> 1, commitMemory -> 0, usedMemory ->151579
2021-03-30 23:59:13,605 INFO org.apache.hadoop.mapreduce.task.reduce.EventFetcher: EventFetcher is interrupted.. Returning
2021-03-30 23:59:13,606 INFO org.apache.hadoop.mapred.LocalJobRunner: 1 / 1 copied.
2021-03-30 23:59:13,606 INFO org.apache.hadoop.mapreduce.task.reduce.MergeManagerImpl: finalMerge called with 1 in-memory map-outputs and 0 on-disk map-outputs
2021-03-30 23:59:13,613 INFO org.apache.hadoop.mapred.Merger: Merging 1 sorted segments
2021-03-30 23:59:13,613 INFO org.apache.hadoop.mapred.Merger: Down to the last merge-pass, with 1 segments left of total size: 151575 bytes
2021-03-30 23:59:13,759 INFO org.apache.hadoop.mapreduce.task.reduce.MergeManagerImpl: Merged 1 segments, 151579 bytes to disk to satisfy reduce memory limit
2021-03-30 23:59:13,760 INFO org.apache.hadoop.mapreduce.task.reduce.MergeManagerImpl: Merging 1 files, 151583 bytes from disk
2021-03-30 23:59:13,761 INFO org.apache.hadoop.mapreduce.task.reduce.MergeManagerImpl: Merging 0 segments, 0 bytes from memory into reduce
2021-03-30 23:59:13,761 INFO org.apache.hadoop.mapred.Merger: Merging 1 sorted segments
2021-03-30 23:59:13,762 INFO org.apache.hadoop.mapred.Merger: Down to the last merge-pass, with 1 segments left of total size: 151575 bytes
2021-03-30 23:59:13,766 INFO org.apache.hadoop.mapred.LocalJobRunner: 1 / 1 copied.
2021-03-30 23:59:13,811 INFO org.apache.hadoop.conf.Configuration.deprecation: mapred.skip.on is deprecated. Instead, use mapreduce.job.skiprecords
2021-03-30 23:59:14,073 INFO org.apache.hadoop.mapred.Task: Task:attempt_local2010730541_0001_r_000000_0 is done. And is in the process of committing
2021-03-30 23:59:14,079 INFO org.apache.hadoop.mapred.LocalJobRunner: 1 / 1 copied.
2021-03-30 23:59:14,083 INFO org.apache.hadoop.mapred.Task: Task attempt_local2010730541_0001_r_000000_0 is allowed to commit now
2021-03-30 23:59:14,083 INFO org.apache.hadoop.mapreduce.lib.output.FileOutputCommitter: Saved output of task 'attempt_local2010730541_0001_r_000000_0' to file:/home/cloudera/workspace/Exercise_4/Output_Files/Part_3399_txt_output/_temporary/0/task_local2010730541_0001_r_000000
2021-03-30 23:59:14,090 INFO org.apache.hadoop.mapreduce.Job:  map 100% reduce 0%
2021-03-30 23:59:14,092 INFO org.apache.hadoop.mapred.LocalJobRunner: reduce > reduce
2021-03-30 23:59:14,092 INFO org.apache.hadoop.mapred.Task: Task 'attempt_local2010730541_0001_r_000000_0' done.
2021-03-30 23:59:14,092 INFO org.apache.hadoop.mapred.LocalJobRunner: Finishing task: attempt_local2010730541_0001_r_000000_0
2021-03-30 23:59:14,092 INFO org.apache.hadoop.mapred.LocalJobRunner: reduce task executor complete.
2021-03-30 23:59:15,091 INFO org.apache.hadoop.mapreduce.Job:  map 100% reduce 100%
2021-03-30 23:59:15,092 INFO org.apache.hadoop.mapreduce.Job: Job job_local2010730541_0001 completed successfully
2021-03-30 23:59:15,111 INFO org.apache.hadoop.mapreduce.Job: Counters: 33
	File System Counters
		FILE: Number of bytes read=3758834
		FILE: Number of bytes written=985049
		FILE: Number of read operations=0
		FILE: Number of large read operations=0
		FILE: Number of write operations=0
	Map-Reduce Framework
		Map input records=29985
		Map output records=18397
		Map output bytes=114783
		Map output materialized bytes=151583
		Input split bytes=142
		Combine input records=0
		Combine output records=0
		Reduce input groups=27
		Reduce shuffle bytes=151583
		Reduce input records=18397
		Reduce output records=27
		Spilled Records=36794
		Shuffled Maps =1
		Failed Shuffles=0
		Merged Map outputs=1
		GC time elapsed (ms)=16
		CPU time spent (ms)=0
		Physical memory (bytes) snapshot=0
		Virtual memory (bytes) snapshot=0
		Total committed heap usage (bytes)=460324864
	Shuffle Errors
		BAD_ID=0
		CONNECTION=0
		IO_ERROR=0
		WRONG_LENGTH=0
		WRONG_MAP=0
		WRONG_REDUCE=0
	File Input Format Counters 
		Bytes Read=1727619
	File Output Format Counters 
		Bytes Written=174
